<?xml version="1.0" encoding="UTF-8"?>
<testsuite name="com.bridgelabz.invoiceGenerator.InvoiceGeneratorTest" tests="1" skipped="0" failures="0" errors="0" timestamp="2020-11-10T05:02:02" hostname="DESKTOP-RIBMOST" time="0.005">
  <properties/>
  <testcase name="givenDistanceAndTime_ShouldReturnTotalFare" classname="com.bridgelabz.invoiceGenerator.InvoiceGeneratorTest" time="0.005"/>
  <system-out><![CDATA[]]></system-out>
  <system-err><![CDATA[]]></system-err>
</testsuite>
